<?xml version="1.0" encoding="UTF-8"?>
<!-- Generated by org.testng.reporters.JUnitReportReporter -->
<testsuite hostname="unknown14109fe02b7d.att.net" name="com.sjsu.tests.TestScriptA10Users" tests="10" failures="0" timestamp="29 May 2013 17:03:47 GMT" time="278.083" errors="0">
  <testcase name="googleSearch" time="30.079" classname="com.sjsu.tests.TestScriptA10Users"/>
  <testcase name="googleSearch" time="30.055" classname="com.sjsu.tests.TestScriptA10Users"/>
  <testcase name="googleSearch" time="30.157" classname="com.sjsu.tests.TestScriptA10Users"/>
  <testcase name="googleSearch" time="30.310" classname="com.sjsu.tests.TestScriptA10Users"/>
  <testcase name="googleSearch" time="28.105" classname="com.sjsu.tests.TestScriptA10Users"/>
  <testcase name="googleSearch" time="7.490" classname="com.sjsu.tests.TestScriptA10Users"/>
  <testcase name="googleSearch" time="32.268" classname="com.sjsu.tests.TestScriptA10Users"/>
  <testcase name="googleSearch" time="29.040" classname="com.sjsu.tests.TestScriptA10Users"/>
  <testcase name="googleSearch" time="30.296" classname="com.sjsu.tests.TestScriptA10Users"/>
  <testcase name="googleSearch" time="30.283" classname="com.sjsu.tests.TestScriptA10Users"/>
</testsuite> <!-- com.sjsu.tests.TestScriptA10Users -->
